//----2023/12/29 14:37:07-------------------------------------------------------
Update Server:http://54.36.164.65:1234/launcher/
D:\client-hero\HeroOnlineClassic.URS        Updated Successfully
D:\client-hero\character\chr\be_ax95_b_unifire.n3cplug        Updated Successfully
D:\client-hero\character\chr\be_ax96_b_dragon.n3cplug        Updated Successfully
D:\client-hero\character\chr\be_axe_b.n3cplug        Updated Successfully
D:\client-hero\character\chr\be_blade_b.n3cplug        Updated Successfully
D:\client-hero\character\chr\be_bo95_b_unifire.n3cplug        Updated Successfully
D:\client-hero\character\chr\be_bo96_b_dragon.n3cplug        Updated Successfully
D:\client-hero\character\chr\be_bow_b.n3cplug        Updated Successfully
D:\client-hero\character\chr\be_edge_b.n3cplug        Updated Successfully
D:\client-hero\character\chr\be_kf95_b_unifire.n3cplug        Updated Successfully
D:\client-hero\character\chr\be_kf96_b_dragon.n3cplug        Updated Successfully
D:\client-hero\character\chr\be_la95_b_unifire.n3cplug        Updated Successfully
D:\client-hero\character\chr\be_la96_b_dragon.n3cplug        Updated Successfully
D:\client-hero\character\chr\be_rod_b.n3cplug        Updated Successfully
D:\client-hero\character\chr\be_rod_s.n3cplug        Updated Successfully
D:\client-hero\character\chr\be_spear_b.n3cplug        Updated Successfully
D:\client-hero\character\chr\be_st95_b_unifire.n3cplug        Updated Successfully
D:\client-hero\character\chr\be_st96_b_dragon.n3cplug        Updated Successfully
D:\client-hero\character\chr\be_sw95_b_unifire.n3cplug        Updated Successfully
D:\client-hero\character\chr\be_sw96_b_dragon.n3cplug        Updated Successfully
D:\client-hero\character\chr\be_sword_s.n3cplug        Updated Successfully
D:\client-hero\character\chr\be_th95_b_unifire.n3cplug        Updated Successfully
D:\client-hero\character\chr\be_th96_b_dragon.n3cplug        Updated Successfully
D:\client-hero\character\chr\be_twinball_b.n3cplug        Updated Successfully
D:\client-hero\character\chr\be_twinswd_b.n3cplug        Updated Successfully
D:\client-hero\character\chr\be_wp_s_ds104.n3cplug        Updated Successfully
D:\client-hero\character\chr\be_wp_s_ds105.n3cplug        Updated Successfully
D:\client-hero\character\chr\be_wp_s_is000_jema.n3cplug        Updated Successfully
D:\client-hero\character\chr\be_wp_s_is104.n3cplug        Updated Successfully
D:\client-hero\character\chr\ge_ax95_b_unifire.n3cplug        Updated Successfully
D:\client-hero\character\chr\ge_ax96_b_dragon.n3cplug        Updated Successfully
D:\client-hero\character\chr\ge_axe_b.n3cplug        Updated Successfully
D:\client-hero\character\chr\ge_blade_b.n3cplug        Updated Successfully
D:\client-hero\character\chr\ge_bo95_b_unifire.n3cplug        Updated Successfully
D:\client-hero\character\chr\ge_bo96_b_dragon.n3cplug        Updated Successfully
D:\client-hero\character\chr\ge_bow_b.n3cplug        Updated Successfully
D:\client-hero\character\chr\ge_edge_b.n3cplug        Updated Successfully
D:\client-hero\character\chr\ge_kf95_b_unifire.n3cplug        Updated Successfully
D:\client-hero\character\chr\ge_kf96_b_dragon.n3cplug        Updated Successfully
D:\client-hero\character\chr\ge_la95_b_unifire.n3cplug        Updated Successfully
D:\client-hero\character\chr\ge_la96_b_dragon.n3cplug        Updated Successfully
D:\client-hero\character\chr\ge_rod_b.n3cplug        Updated Successfully
D:\client-hero\character\chr\ge_rod_s.n3cplug        Updated Successfully
D:\client-hero\character\chr\ge_spear_b.n3cplug        Updated Successfully
D:\client-hero\character\chr\ge_st95_b_unifige.n3cplug        Updated Successfully
D:\client-hero\character\chr\ge_st95_b_unifire.n3cplug        Updated Successfully
D:\client-hero\character\chr\ge_st96_b_dragon.n3cplug        Updated Successfully
D:\client-hero\character\chr\ge_sw95_b_unifire.n3cplug        Updated Successfully
D:\client-hero\character\chr\ge_sw96_b_dragon.n3cplug        Updated Successfully
D:\client-hero\character\chr\ge_sword_s.n3cplug        Updated Successfully
D:\client-hero\character\chr\ge_th95_b_unifire.n3cplug        Updated Successfully
D:\client-hero\character\chr\ge_th96_b_dragon.n3cplug        Updated Successfully
D:\client-hero\character\chr\ge_twinball_b.n3cplug        Updated Successfully
D:\client-hero\character\chr\ge_twinswd_b.n3cplug        Updated Successfully
D:\client-hero\character\chr\ge_wp_s_ds104.n3cplug        Updated Successfully
D:\client-hero\character\chr\ge_wp_s_ds105.n3cplug        Updated Successfully
D:\client-hero\character\chr\ge_wp_s_is000_jema.n3cplug        Updated Successfully
D:\client-hero\character\chr\ge_wp_s_is104.n3cplug        Updated Successfully
D:\client-hero\character\chr\me_ax95_b_unifire.n3cplug        Updated Successfully
D:\client-hero\character\chr\me_ax96_b_dragon.n3cplug        Updated Successfully
D:\client-hero\character\chr\me_axe_b.n3cplug        Updated Successfully
D:\client-hero\character\chr\me_blade_b.n3cplug        Updated Successfully
D:\client-hero\character\chr\me_bo95_b_unifire.n3cplug        Updated Successfully
D:\client-hero\character\chr\me_bo96_b_dragon.n3cplug        Updated Successfully
D:\client-hero\character\chr\me_bow_b.n3cplug        Updated Successfully
D:\client-hero\character\chr\me_edge_b.n3cplug        Updated Successfully
D:\client-hero\character\chr\me_kf95_b_unifire.n3cplug        Updated Successfully
D:\client-hero\character\chr\me_kf96_b_dragon.n3cplug        Updated Successfully
D:\client-hero\character\chr\me_la95_b_unifire.n3cplug        Updated Successfully
D:\client-hero\character\chr\me_la96_b_dragon.n3cplug        Updated Successfully
D:\client-hero\character\chr\me_rod_b.n3cplug        Updated Successfully
D:\client-hero\character\chr\me_rod_s.n3cplug        Updated Successfully
D:\client-hero\character\chr\me_spear_b.n3cplug        Updated Successfully
D:\client-hero\character\chr\me_st95_b_unifire.n3cplug        Updated Successfully
D:\client-hero\character\chr\me_st96_b_dragon.n3cplug        Updated Successfully
D:\client-hero\character\chr\me_sw95_b_unifire.n3cplug        Updated Successfully
D:\client-hero\character\chr\me_sw96_b_dragon.n3cplug        Updated Successfully
D:\client-hero\character\chr\me_sword_s.n3cplug        Updated Successfully
D:\client-hero\character\chr\me_th95_b_unifire.n3cplug        Updated Successfully
D:\client-hero\character\chr\me_th96_b_dragon.n3cplug        Updated Successfully
D:\client-hero\character\chr\me_twinball_b.n3cplug        Updated Successfully
D:\client-hero\character\chr\me_twinswd_b.n3cplug        Updated Successfully
D:\client-hero\character\chr\me_wp_s_ds104.n3cplug        Updated Successfully
D:\client-hero\character\chr\me_wp_s_ds105.n3cplug        Updated Successfully
D:\client-hero\character\chr\me_wp_s_is000_jema.n3cplug        Updated Successfully
D:\client-hero\character\chr\me_wp_s_is104.n3cplug        Updated Successfully
D:\client-hero\character\chr\pe_ax95_b_unifire.n3cplug        Updated Successfully
D:\client-hero\character\chr\pe_ax96_b_dragon.n3cplug        Updated Successfully
D:\client-hero\character\chr\pe_axe_b.n3cplug        Updated Successfully
D:\client-hero\character\chr\pe_blade_b.n3cplug        Updated Successfully
D:\client-hero\character\chr\pe_bo95_b_unifire.n3cplug        Updated Successfully
D:\client-hero\character\chr\pe_bo96_b_dragon.n3cplug        Updated Successfully
D:\client-hero\character\chr\pe_bow_b.n3cplug        Updated Successfully
D:\client-hero\character\chr\pe_edge_b.n3cplug        Updated Successfully
D:\client-hero\character\chr\pe_kf95_b_unifire.n3cplug        Updated Successfully
D:\client-hero\character\chr\pe_kf96_b_dragon.n3cplug        Updated Successfully
D:\client-hero\character\chr\pe_la95_b_unifire.n3cplug        Updated Successfully
D:\client-hero\character\chr\pe_la96_b_dragon.n3cplug        Updated Successfully
D:\client-hero\character\chr\pe_rod_b.n3cplug        Updated Successfully
D:\client-hero\character\chr\pe_rod_s.n3cplug        Updated Successfully
D:\client-hero\character\chr\pe_spear_b.n3cplug        Updated Successfully
D:\client-hero\character\chr\pe_st95_b_unifire.n3cplug        Updated Successfully
D:\client-hero\character\chr\pe_st96_b_dragon.n3cplug        Updated Successfully
D:\client-hero\character\chr\pe_sw95_b_unifire.n3cplug        Updated Successfully
D:\client-hero\character\chr\pe_sw96_b_dragon.n3cplug        Updated Successfully
D:\client-hero\character\chr\pe_sword_s.n3cplug        Updated Successfully
D:\client-hero\character\chr\pe_th95_b_unifire.n3cplug        Updated Successfully
D:\client-hero\character\chr\pe_th96_b_dragon.n3cplug        Updated Successfully
D:\client-hero\character\chr\pe_twinball_b.n3cplug        Updated Successfully
D:\client-hero\character\chr\pe_twinswd_b.n3cplug        Updated Successfully
D:\client-hero\character\chr\pe_wp_s_ds104.n3cplug        Updated Successfully
D:\client-hero\character\chr\pe_wp_s_ds105.n3cplug        Updated Successfully
D:\client-hero\character\chr\pe_wp_s_is000_jema.n3cplug        Updated Successfully
D:\client-hero\character\chr\pe_wp_s_is104.n3cplug        Updated Successfully
D:\client-hero\character\chr\re_ax95_b_unifire.n3cplug        Updated Successfully
D:\client-hero\character\chr\re_ax96_b_dragon.n3cplug        Updated Successfully
D:\client-hero\character\chr\re_axe_b.n3cplug        Updated Successfully
D:\client-hero\character\chr\re_blade_b.n3cplug        Updated Successfully
D:\client-hero\character\chr\re_bo95_b_unifire.n3cplug        Updated Successfully
D:\client-hero\character\chr\re_bo96_b_dragon.n3cplug        Updated Successfully
D:\client-hero\character\chr\re_bow_b.n3cplug        Updated Successfully
D:\client-hero\character\chr\re_edge_b.n3cplug        Updated Successfully
D:\client-hero\character\chr\re_kf95_b_unifire.n3cplug        Updated Successfully
D:\client-hero\character\chr\re_kf96_b_dragon.n3cplug        Updated Successfully
D:\client-hero\character\chr\re_la95_b_unifire.n3cplug        Updated Successfully
D:\client-hero\character\chr\re_la96_b_dragon.n3cplug        Updated Successfully
D:\client-hero\character\chr\re_rod_b.n3cplug        Updated Successfully
D:\client-hero\character\chr\re_rod_s.n3cplug        Updated Successfully
D:\client-hero\character\chr\re_spear_b.n3cplug        Updated Successfully
D:\client-hero\character\chr\re_st95_b_unifire.n3cplug        Updated Successfully
D:\client-hero\character\chr\re_st96_b_dragon.n3cplug        Updated Successfully
D:\client-hero\character\chr\re_sw95_b_unifire.n3cplug        Updated Successfully
D:\client-hero\character\chr\re_sw96_b_dragon.n3cplug        Updated Successfully
D:\client-hero\character\chr\re_sword_s.n3cplug        Updated Successfully
D:\client-hero\character\chr\re_th95_b_unifire.n3cplug        Updated Successfully
D:\client-hero\character\chr\re_th96_b_dragon.n3cplug        Updated Successfully
D:\client-hero\character\chr\re_twinball_b.n3cplug        Updated Successfully
D:\client-hero\character\chr\re_twinswd_b.n3cplug        Updated Successfully
D:\client-hero\character\chr\re_wp_s_ds104.n3cplug        Updated Successfully
D:\client-hero\character\chr\re_wp_s_ds105.n3cplug        Updated Successfully
D:\client-hero\character\chr\re_wp_s_is000_jema.n3cplug        Updated Successfully
D:\client-hero\character\chr\re_wp_s_is104.n3cplug        Updated Successfully
D:\client-hero\data\tb_dropitem.tbl        Updated Successfully
D:\client-hero\data\tb_exptable.tbl        Updated Successfully
D:\client-hero\data\tb_itemtable_normal.tbl        Updated Successfully
D:\client-hero\data\tb_newmunpadata.tbl        Updated Successfully
D:\client-hero\data\tb_npctable.tbl        Updated Successfully
D:\client-hero\data\tb_production.tbl        Updated Successfully
D:\client-hero\data\tb_shoptable.tbl        Updated Successfully
D:\client-hero\fx\be_ax95_b_suguk.fxb        Updated Successfully
D:\client-hero\fx\be_bo95_b_suguk.fxb        Updated Successfully
D:\client-hero\fx\be_kf95_b_suguk.fxb        Updated Successfully
D:\client-hero\fx\be_la95_b_suguk.fxb        Updated Successfully
D:\client-hero\fx\be_st95_b_suguk.fxb        Updated Successfully
D:\client-hero\fx\be_sw95_b_suguk.fxb        Updated Successfully
D:\client-hero\fx\be_th_b_suguk.fxb        Updated Successfully
D:\client-hero\fx\be_wp_ds_b_suguk.fxb        Updated Successfully
D:\client-hero\fx\be_wp_is_b_suguk.fxb        Updated Successfully
D:\client-hero\fx\ge_ax95_b_suguk.fxb        Updated Successfully
D:\client-hero\fx\ge_bo95_b_suguk.fxb        Updated Successfully
D:\client-hero\fx\ge_kf95_b_suguk.fxb        Updated Successfully
D:\client-hero\fx\ge_la95_b_suguk.fxb        Updated Successfully
D:\client-hero\fx\ge_st95_b_suguk.fxb        Updated Successfully
D:\client-hero\fx\ge_sw95_b_suguk.fxb        Updated Successfully
D:\client-hero\fx\ge_th_b_suguk.fxb        Updated Successfully
D:\client-hero\fx\ge_wp_ds_b_suguk.fxb        Updated Successfully
D:\client-hero\fx\ge_wp_is_b_suguk.fxb        Updated Successfully
D:\client-hero\fx\me_ax95_b_suguk.fxb        Updated Successfully
D:\client-hero\fx\me_bo95_b_suguk.fxb        Updated Successfully
D:\client-hero\fx\me_kf95_b_suguk.fxb        Updated Successfully
D:\client-hero\fx\me_la95_b_suguk.fxb        Updated Successfully
D:\client-hero\fx\me_st95_b_suguk.fxb        Updated Successfully
D:\client-hero\fx\me_sw95_b_suguk.fxb        Updated Successfully
D:\client-hero\fx\me_th_b_suguk.fxb        Updated Successfully
D:\client-hero\fx\me_wp_ds_b_suguk.fxb        Updated Successfully
D:\client-hero\fx\me_wp_is_b_suguk.fxb        Updated Successfully
D:\client-hero\fx\particle\redspikz_0000.dxt        Updated Successfully
D:\client-hero\fx\particle\zzzzzblu0000.dxt        Updated Successfully
D:\client-hero\fx\particle\zzzzzgre0000.dxt        Updated Successfully
D:\client-hero\fx\particle\zzzzzmix0000.dxt        Updated Successfully
D:\client-hero\fx\particle\zzzzzpur0000.dxt        Updated Successfully
D:\client-hero\fx\particle\zzzzzred0000.dxt        Updated Successfully
D:\client-hero\fx\pe_ax95_b_suguk.fxb        Updated Successfully
D:\client-hero\fx\pe_bo95_b_suguk.fxb        Updated Successfully
D:\client-hero\fx\pe_kf95_b_suguk.fxb        Updated Successfully
D:\client-hero\fx\pe_la95_b_suguk.fxb        Updated Successfully
D:\client-hero\fx\pe_st95_b_suguk.fxb        Updated Successfully
D:\client-hero\fx\pe_sw95_b_suguk.fxb        Updated Successfully
D:\client-hero\fx\pe_th_b_suguk.fxb        Updated Successfully
D:\client-hero\fx\pe_wp_ds_b_suguk.fxb        Updated Successfully
D:\client-hero\fx\pe_wp_is_b_suguk.fxb        Updated Successfully
D:\client-hero\fx\re_ax95_b_suguk.fxb        Updated Successfully
D:\client-hero\fx\re_bo95_b_suguk.fxb        Updated Successfully
D:\client-hero\fx\re_kf95_b_suguk.fxb        Updated Successfully
D:\client-hero\fx\re_la95_b_suguk.fxb        Updated Successfully
D:\client-hero\fx\re_st95_b_suguk.fxb        Updated Successfully
D:\client-hero\fx\re_sw95_b_suguk.fxb        Updated Successfully
D:\client-hero\fx\re_th_b_suguk.fxb        Updated Successfully
D:\client-hero\fx\re_wp_ds_b_suguk.fxb        Updated Successfully
D:\client-hero\fx\re_wp_is_b_suguk.fxb        Updated Successfully
D:\client-hero\hero-classic.jpg        Updated Successfully
D:\client-hero\hero.exe        Updated Successfully
D:\client-hero\heroupdate.iup        Updated Successfully
D:\client-hero\test.exe        Updated Successfully
D:\client-hero\ui\dep.ini        Updated Successfully
D:\client-hero\ui\des.ini        Updated Successfully
D:\client-hero\ui\DXT\ui_body_23.tga        Updated Successfully
D:\client-hero\ui\ver.ini        Updated Successfully
D:\client-hero\updatelang.ini        Updated Successfully
D:\client-hero\userdata\114097\data.ini        Updated Successfully
D:\client-hero\userdata\114097\userdata.tbl        Updated Successfully
D:\client-hero\userdata\114097\useroption.ini        Updated Successfully
//------------------------------------------------------------------------------
